<?xml version="1.0" encoding="UTF-8"?>
<!-- Generated by org.testng.reporters.JUnitXMLReporter -->
<testsuite hostname="LAPTOP-GBGVKMB7" ignored="0" name="MyResults" tests="8" failures="0" timestamp="2019-11-26T19:24:26 EST" time="23.287" errors="0">
  <testcase name="@BeforeClass beforeClass" time="0.001" classname="testNG.SecondClass">
    <failure type="java.lang.Error" message="Unresolved compilation problem: 
	Syntax error, insert &amp;quot;;&amp;quot; to complete BlockStatements
">
      <![CDATA[java.lang.Error: Unresolved compilation problem: 
Syntax error, insert ";" to complete BlockStatements

at testNG.SecondClass.beforeClass(SecondClass.java:14)
at java.util.ArrayList.forEach(Unknown Source)
... Removed 25 stack frames]]>
    </failure>
  </testcase> <!-- @BeforeClass beforeClass -->
  <testcase name="@AfterClass afterClass" time="-1.574814243106E9" classname="testNG.SecondClass">
    <skipped/>
  </testcase> <!-- @AfterClass afterClass -->
  <testcase name="a" time="0.0" classname="testNG.SecondClass">
    <skipped/>
  </testcase> <!-- a -->
  <testcase name="f" time="0.0" classname="testNG.SecondClass">
    <skipped/>
  </testcase> <!-- f -->
  <testcase name="f1" time="0.0" classname="testNG.SecondClass">
    <skipped/>
  </testcase> <!-- f1 -->
  <testcase name="fblogin" time="22.972" classname="testNG.FirstClass"/>
  <testcase name="a" time="0.002" classname="testNG.AllTest"/>
  <testcase name="f" time="0.002" classname="testNG.AllTest"/>
  <testcase name="a" time="0.002" classname="testNG.ThirdClass"/>
  <testcase name="f" time="0.001" classname="testNG.ThirdClass"/>
</testsuite> <!-- MyResults -->
