<?xml version="1.0" encoding="UTF-8"?>
<!-- Generated by org.testng.reporters.JUnitXMLReporter -->
<testsuite hostname="LAPTOP-GBGVKMB7" ignored="0" name="MyResults(failed)" tests="3" failures="0" timestamp="2019-11-26T19:26:30 EST" time="0.145" errors="0">
  <testcase name="a" time="0.013" classname="testNG.SecondClass"/>
  <testcase name="f" time="0.007" classname="testNG.SecondClass"/>
  <testcase name="f1" time="0.003" classname="testNG.SecondClass"/>
</testsuite> <!-- MyResults(failed) -->
