<?xml version="1.0" encoding="UTF-8"?>
<!-- Generated by org.testng.reporters.JUnitXMLReporter -->
<testsuite hostname="LAPTOP-GBGVKMB7" ignored="0" name="MyResults" tests="8" failures="0" timestamp="2019-11-26T19:17:19 EST" time="30.924" errors="0">
  <testcase name="a" time="0.013" classname="testNG.SecondClass"/>
  <testcase name="f" time="0.005" classname="testNG.SecondClass"/>
  <testcase name="f1" time="0.01" classname="testNG.SecondClass"/>
  <testcase name="fblogin" time="30.73" classname="testNG.FirstClass"/>
  <testcase name="a" time="0.003" classname="testNG.AllTest"/>
  <testcase name="f" time="0.003" classname="testNG.AllTest"/>
  <testcase name="a" time="0.001" classname="testNG.ThirdClass"/>
  <testcase name="f" time="0.002" classname="testNG.ThirdClass"/>
</testsuite> <!-- MyResults -->
